<?xml version="1.0" encoding="UTF-8"?>
<testng-results skipped="0" failed="0" total="1" passed="1">
  <reporter-output>
  </reporter-output>
  <suite name="Default suite" duration-ms="33465" started-at="2020-12-25T10:21:23Z" finished-at="2020-12-25T10:21:56Z">
    <groups>
    </groups>
    <test name="Default test" duration-ms="33465" started-at="2020-12-25T10:21:23Z" finished-at="2020-12-25T10:21:56Z">
      <class name="AllLinksOnaWebPage.IdentifyAllLinksOnWebPage">
        <test-method status="PASS" signature="AllLinks()[pri:0, instance:AllLinksOnaWebPage.IdentifyAllLinksOnWebPage@6108b2d7]" name="AllLinks" duration-ms="33441" started-at="2020-12-25T15:51:23Z" finished-at="2020-12-25T15:51:56Z">
          <reporter-output>
          </reporter-output>
        </test-method> <!-- AllLinks -->
      </class> <!-- AllLinksOnaWebPage.IdentifyAllLinksOnWebPage -->
    </test> <!-- Default test -->
  </suite> <!-- Default suite -->
</testng-results>
